TN:
SF:src\date.js
FN:1,(anonymous_0)
FNF:1
FNH:1
FNDA:1,(anonymous_0)
DA:1,1
DA:2,1
LF:2
LH:2
BRF:0
BRH:0
end_of_record
TN:
SF:src\Components\Card\index.jsx
FN:5,(anonymous_0)
FN:8,(anonymous_1)
FN:13,(anonymous_2)
FN:21,(anonymous_3)
FN:22,(anonymous_4)
FN:37,(anonymous_5)
FN:50,(anonymous_6)
FNF:7
FNH:5
FNDA:3,(anonymous_0)
FNDA:0,(anonymous_1)
FNDA:1,(anonymous_2)
FNDA:3,(anonymous_3)
FNDA:1,(anonymous_4)
FNDA:1,(anonymous_5)
FNDA:0,(anonymous_6)
DA:5,1
DA:6,3
DA:8,3
DA:9,0
DA:10,0
DA:13,3
DA:14,1
DA:15,1
DA:16,1
DA:17,1
DA:18,1
DA:21,3
DA:22,3
DA:24,3
DA:25,1
DA:34,2
DA:37,1
DA:47,3
DA:50,0
LF:19
LH:16
BRDA:24,0,0,1
BRDA:24,0,1,2
BRF:2
BRH:2
end_of_record
TN:
SF:src\Components\OrdersCard\index.jsx
FN:3,(anonymous_0)
FNF:1
FNH:1
FNDA:2,(anonymous_0)
DA:3,1
DA:4,2
DA:6,2
LF:3
LH:3
BRF:0
BRH:0
end_of_record
TN:
SF:src\Context\index.jsx
FN:5,(anonymous_0)
FN:11,(anonymous_1)
FN:12,(anonymous_2)
FN:16,(anonymous_3)
FN:17,(anonymous_4)
FN:38,(anonymous_5)
FN:40,(anonymous_6)
FN:41,(anonymous_7)
FN:44,(anonymous_8)
FN:45,(anonymous_9)
FN:48,(anonymous_10)
FN:49,(anonymous_11)
FN:52,(anonymous_12)
FN:62,(anonymous_13)
FN:70,(anonymous_14)
FNF:15
FNH:6
FNDA:6,(anonymous_0)
FNDA:0,(anonymous_1)
FNDA:1,(anonymous_2)
FNDA:1,(anonymous_3)
FNDA:0,(anonymous_4)
FNDA:4,(anonymous_5)
FNDA:0,(anonymous_6)
FNDA:0,(anonymous_7)
FNDA:0,(anonymous_8)
FNDA:0,(anonymous_9)
FNDA:0,(anonymous_10)
FNDA:0,(anonymous_11)
FNDA:4,(anonymous_12)
FNDA:0,(anonymous_13)
FNDA:4,(anonymous_14)
DA:3,2
DA:5,2
DA:7,6
DA:10,6
DA:11,6
DA:12,6
DA:15,6
DA:16,6
DA:17,6
DA:20,6
DA:23,6
DA:26,6
DA:29,6
DA:30,6
DA:33,6
DA:36,6
DA:38,6
DA:39,4
DA:40,0
DA:41,0
DA:44,6
DA:45,0
DA:48,6
DA:49,0
DA:52,6
DA:53,4
DA:54,0
DA:57,4
DA:58,0
DA:61,4
DA:62,0
DA:65,4
DA:66,4
DA:70,6
DA:71,4
DA:72,4
DA:73,4
DA:74,4
DA:77,6
LF:39
LH:32
BRDA:53,0,0,0
BRDA:53,0,1,4
BRDA:57,1,0,0
BRDA:57,1,1,4
BRDA:61,2,0,0
BRDA:61,2,1,4
BRDA:65,3,0,4
BRDA:65,3,1,0
BRDA:71,4,0,0
BRDA:71,4,1,4
BRDA:71,5,0,4
BRDA:71,5,1,0
BRDA:72,6,0,0
BRDA:72,6,1,4
BRDA:72,7,0,4
BRDA:72,7,1,0
BRDA:73,8,0,0
BRDA:73,8,1,4
BRDA:73,9,0,4
BRDA:73,9,1,4
BRDA:74,10,0,4
BRDA:74,10,1,0
BRDA:74,11,0,4
BRDA:74,11,1,4
BRF:24
BRH:14
end_of_record
TN:
SF:src\utils\index.js
FN:6,(anonymous_0)
FN:8,(anonymous_1)
FNF:2
FNH:2
FNDA:3,(anonymous_0)
FNDA:3,(anonymous_1)
DA:6,1
DA:7,3
DA:8,3
DA:9,3
LF:4
LH:4
BRF:0
BRH:0
end_of_record
